# JRE version: OpenJDK Runtime Environment Temurin-21.0.7+6 (21.0.7+6) (build 21.0.7+6-LTS)
# Java VM: OpenJDK 64-Bit Server VM Temurin-21.0.7+6 (21.0.7+6-LTS, mixed mode, emulated-client, sharing, tiered, compressed oops, compressed class ptrs, g1 gc, windows-amd64)
GC Precious Log:
 CardTable entry size: 512
 Card Set container configuration: InlinePtr #cards 5 size 8 Array Of Cards #cards 12 size 40 Howl #buckets 4 coarsen threshold 1843 Howl Bitmap #cards 512 size 80 coarsen threshold 460 Card regions per heap region 1 cards per card region 2048
 CPUs: 2 total, 2 available
 Memory: 3901M
 Large Page Support: Disabled
 NUMA Support: Disabled
 Compressed Oops: Enabled (32-bit)
 Heap Region Size: 1M
 Heap Min Capacity: 8M
 Heap Initial Capacity: 62M
 Heap Max Capacity: 976M
 Pre-touch: Disabled
 Parallel Workers: 2
 Concurrent Workers: 1
 Concurrent Refinement Workers: 2
 Periodic GC: Disabled
Heap:
 garbage-first heap   total 45056K, used 38835K [0x00000000c3000000, 0x0000000100000000)
  region size 1024K, 18 young (18432K), 2 survivors (2048K)
 Metaspace       used 54003K, committed 54464K, reserved 1114112K
  class space    used 7436K, committed 7616K, reserved 1048576K
GC Heap History (20 events):
Event: 70.043 GC heap after
{Heap after GC invocations=22 (full 0):
 garbage-first heap   total 45056K, used 21568K [0x00000000c3000000, 0x0000000100000000)
  region size 1024K, 2 young (2048K), 2 survivors (2048K)
 Metaspace       used 40277K, committed 40704K, reserved 1114112K
  class space    used 5313K, committed 5504K, reserved 1048576K
}
Event: 71.869 GC heap before
{Heap before GC invocations=22 (full 0):
 garbage-first heap   total 45056K, used 38976K [0x00000000c3000000, 0x0000000100000000)
  region size 1024K, 19 young (19456K), 2 survivors (2048K)
 Metaspace       used 41736K, committed 42176K, reserved 1114112K
  class space    used 5568K, committed 5760K, reserved 1048576K
}
Event: 71.876 GC heap after
{Heap after GC invocations=23 (full 0):
 garbage-first heap   total 45056K, used 21970K [0x00000000c3000000, 0x0000000100000000)
  region size 1024K, 2 young (2048K), 2 survivors (2048K)
 Metaspace       used 41736K, committed 42176K, reserved 1114112K
  class space    used 5568K, committed 5760K, reserved 1048576K
}
Event: 74.711 GC heap before
{Heap before GC invocations=24 (full 0):
 garbage-first heap   total 45056K, used 39378K [0x00000000c3000000, 0x0000000100000000)
  region size 1024K, 19 young (19456K), 2 survivors (2048K)
 Metaspace       used 43245K, committed 43776K, reserved 1114112K
  class space    used 5813K, committed 6016K, reserved 1048576K
}
Event: 74.716 GC heap after
{Heap after GC invocations=25 (full 0):
 garbage-first heap   total 45056K, used 22337K [0x00000000c3000000, 0x0000000100000000)
  region size 1024K, 2 young (2048K), 2 survivors (2048K)
 Metaspace       used 43245K, committed 43776K, reserved 1114112K
  class space    used 5813K, committed 6016K, reserved 1048576K
}
Event: 76.072 GC heap before
{Heap before GC invocations=25 (full 0):
 garbage-first heap   total 45056K, used 39745K [0x00000000c3000000, 0x0000000100000000)
  region size 1024K, 19 young (19456K), 2 survivors (2048K)
 Metaspace       used 44853K, committed 45440K, reserved 1114112K
  class space    used 6029K, committed 6272K, reserved 1048576K
}
Event: 76.081 GC heap after
{Heap after GC invocations=26 (full 0):
 garbage-first heap   total 45056K, used 22528K [0x00000000c3000000, 0x0000000100000000)
  region size 1024K, 2 young (2048K), 2 survivors (2048K)
 Metaspace       used 44853K, committed 45440K, reserved 1114112K
  class space    used 6029K, committed 6272K, reserved 1048576K
}
Event: 77.936 GC heap before
{Heap before GC invocations=26 (full 0):
 garbage-first heap   total 45056K, used 38912K [0x00000000c3000000, 0x0000000100000000)
  region size 1024K, 19 young (19456K), 2 survivors (2048K)
 Metaspace       used 46394K, committed 46912K, reserved 1114112K
  class space    used 6217K, committed 6464K, reserved 1048576K
}
Event: 77.944 GC heap after
{Heap after GC invocations=27 (full 0):
 garbage-first heap   total 45056K, used 23526K [0x00000000c3000000, 0x0000000100000000)
  region size 1024K, 3 young (3072K), 3 survivors (3072K)
 Metaspace       used 46394K, committed 46912K, reserved 1114112K
  class space    used 6217K, committed 6464K, reserved 1048576K
}
Event: 78.900 GC heap before
{Heap before GC invocations=28 (full 0):
 garbage-first heap   total 45056K, used 36838K [0x00000000c3000000, 0x0000000100000000)
  region size 1024K, 17 young (17408K), 3 survivors (3072K)
 Metaspace       used 47861K, committed 48320K, reserved 1114112K
  class space    used 6387K, committed 6592K, reserved 1048576K
}
Event: 78.905 GC heap after
{Heap after GC invocations=29 (full 0):
 garbage-first heap   total 45056K, used 22996K [0x00000000c3000000, 0x0000000100000000)
  region size 1024K, 1 young (1024K), 1 survivors (1024K)
 Metaspace       used 47861K, committed 48320K, reserved 1114112K
  class space    used 6387K, committed 6592K, reserved 1048576K
}
Event: 80.075 GC heap before
{Heap before GC invocations=29 (full 0):
 garbage-first heap   total 45056K, used 39380K [0x00000000c3000000, 0x0000000100000000)
  region size 1024K, 18 young (18432K), 1 survivors (1024K)
 Metaspace       used 49999K, committed 50496K, reserved 1114112K
  class space    used 6815K, committed 7040K, reserved 1048576K
}
Event: 80.081 GC heap after
{Heap after GC invocations=30 (full 0):
 garbage-first heap   total 45056K, used 22741K [0x00000000c3000000, 0x0000000100000000)
  region size 1024K, 2 young (2048K), 2 survivors (2048K)
 Metaspace       used 49999K, committed 50496K, reserved 1114112K
  class space    used 6815K, committed 7040K, reserved 1048576K
}
Event: 81.493 GC heap before
{Heap before GC invocations=30 (full 0):
 garbage-first heap   total 45056K, used 38101K [0x00000000c3000000, 0x0000000100000000)
  region size 1024K, 18 young (18432K), 2 survivors (2048K)
 Metaspace       used 52022K, committed 52480K, reserved 1114112K
  class space    used 7045K, committed 7232K, reserved 1048576K
}
Event: 81.499 GC heap after
{Heap after GC invocations=31 (full 0):
 garbage-first heap   total 45056K, used 23230K [0x00000000c3000000, 0x0000000100000000)
  region size 1024K, 2 young (2048K), 2 survivors (2048K)
 Metaspace       used 52022K, committed 52480K, reserved 1114112K
  class space    used 7045K, committed 7232K, reserved 1048576K
}
Event: 82.737 GC heap before
{Heap before GC invocations=32 (full 0):
 garbage-first heap   total 45056K, used 39614K [0x00000000c3000000, 0x0000000100000000)
  region size 1024K, 18 young (18432K), 2 survivors (2048K)
 Metaspace       used 53295K, committed 53760K, reserved 1114112K
  class space    used 7327K, committed 7552K, reserved 1048576K
}
Event: 82.743 GC heap after
{Heap after GC invocations=33 (full 0):
 garbage-first heap   total 45056K, used 23328K [0x00000000c3000000, 0x0000000100000000)
  region size 1024K, 2 young (2048K), 2 survivors (2048K)
 Metaspace       used 53295K, committed 53760K, reserved 1114112K
  class space    used 7327K, committed 7552K, reserved 1048576K
}
Event: 393.011 GC heap before
{Heap before GC invocations=33 (full 0):
 garbage-first heap   total 45056K, used 38688K [0x00000000c3000000, 0x0000000100000000)
  region size 1024K, 18 young (18432K), 2 survivors (2048K)
 Metaspace       used 54000K, committed 54464K, reserved 1114112K
  class space    used 7435K, committed 7616K, reserved 1048576K
}
Event: 393.018 GC heap after
{Heap after GC invocations=34 (full 0):
 garbage-first heap   total 45056K, used 22451K [0x00000000c3000000, 0x0000000100000000)
  region size 1024K, 2 young (2048K), 2 survivors (2048K)
 Metaspace       used 54000K, committed 54464K, reserved 1114112K
  class space    used 7435K, committed 7616K, reserved 1048576K
}
Event: 1004.105 GC heap before
{Heap before GC invocations=34 (full 0):
 garbage-first heap   total 45056K, used 38835K [0x00000000c3000000, 0x0000000100000000)
  region size 1024K, 18 young (18432K), 2 survivors (2048K)
 Metaspace       used 54003K, committed 54464K, reserved 1114112K
  class space    used 7436K, committed 7616K, reserved 1048576K
}

